<!DOCTYPE html PUBLIC "-//W3C//DTD XHTML 1.1//EN" "http://www.w3.org/TR/xhtml11/DTD/xhtml11.dtd">
<html xmlns="http://www.w3.org/1999/xhtml"><head><title>TestNG Report</title><style type="text/css">table {margin-bottom:10px;border-collapse:collapse;empty-cells:show}th,td {border:1px solid #009;padding:.25em .5em}th {vertical-align:bottom}td {vertical-align:top}table a {font-weight:bold}.stripe td {background-color: #E6EBF9}.num {text-align:right}.passedodd td {background-color: #3F3}.passedeven td {background-color: #0A0}.skippedodd td {background-color: #DDD}.skippedeven td {background-color: #CCC}.failedodd td,.attn {background-color: #F33}.failedeven td,.stripe .attn {background-color: #D00}.stacktrace {white-space:pre;font-family:monospace}.totop {font-size:85%;text-align:center;border-bottom:2px solid #000}</style></head><body><table><tr><th>Test</th><th># Passed</th><th># Skipped</th><th># Failed</th><th>Time (ms)</th><th>Included Groups</th><th>Excluded Groups</th></tr><tr><th colspan="7">iotTesting</th></tr><tr><td><a href="#t0">AUT-Chrome Test</a></td><td class="num">0</td><td class="num attn">3</td><td class="num">0</td><td class="num">16,493</td><td></td><td></td></tr><tr class="stripe"><td><a href="#t1">AUT-IE Test</a></td><td class="num">0</td><td class="num">0</td><td class="num attn">3</td><td class="num">76,819</td><td></td><td></td></tr><tr><td><a href="#t2">AUT-Firefox Test</a></td><td class="num">0</td><td class="num attn">3</td><td class="num">0</td><td class="num">73,161</td><td></td><td></td></tr><tr><th>Total</th><th class="num">0</th><th class="num attn">6</th><th class="num attn">3</th><th class="num">166,473</th><th colspan="2"></th></tr></table><table><thead><tr><th>Class</th><th>Method</th><th>Start</th><th>Time (ms)</th></tr></thead><tbody><tr><th colspan="4">iotTesting</th></tr></tbody><tbody id="t0"><tr><th colspan="4">AUT-Chrome Test &#8212; failed (configuration methods)</th></tr><tr class="failedeven"><td rowspan="1">com.iotTesting.testCases.TC_DD_EnterValue_001</td><td><a href="#m0">setup</a></td><td rowspan="1">1591697073997</td><td rowspan="1">0</td></tr><tr><th colspan="4">AUT-Chrome Test &#8212; skipped (configuration methods)</th></tr><tr class="skippedeven"><td rowspan="1">com.iotTesting.testCases.TC_DD_EnterValue_001</td><td><a href="#m1">tearDown</a></td><td rowspan="1">1591697088298</td><td rowspan="1">0</td></tr><tr><th colspan="4">AUT-Chrome Test &#8212; skipped</th></tr><tr class="skippedeven"><td rowspan="3">com.iotTesting.testCases.TC_DD_EnterValue_001</td><td><a href="#m2">dashboardDDT</a></td><td rowspan="3">1591697088295</td><td rowspan="3">1</td></tr><tr class="skippedeven"><td><a href="#m3">dashboardDDT</a></td></tr><tr class="skippedeven"><td><a href="#m4">dashboardDDT</a></td></tr></tbody><tbody id="t1"><tr><th colspan="4">AUT-IE Test &#8212; failed</th></tr><tr class="failedeven"><td rowspan="3">com.iotTesting.testCases.TC_DD_EnterValue_001</td><td><a href="#m5">dashboardDDT</a></td><td rowspan="3">1591697160141</td><td rowspan="3">2354</td></tr><tr class="failedeven"><td><a href="#m6">dashboardDDT</a></td></tr><tr class="failedeven"><td><a href="#m7">dashboardDDT</a></td></tr></tbody><tbody id="t2"><tr><th colspan="4">AUT-Firefox Test &#8212; failed (configuration methods)</th></tr><tr class="failedeven"><td rowspan="1">com.iotTesting.testCases.TC_DD_EnterValue_001</td><td><a href="#m8">setup</a></td><td rowspan="1">1591697166707</td><td rowspan="1">1</td></tr><tr><th colspan="4">AUT-Firefox Test &#8212; skipped (configuration methods)</th></tr><tr class="skippedeven"><td rowspan="1">com.iotTesting.testCases.TC_DD_EnterValue_001</td><td><a href="#m9">tearDown</a></td><td rowspan="1">1591697239785</td><td rowspan="1">0</td></tr><tr><th colspan="4">AUT-Firefox Test &#8212; skipped</th></tr><tr class="skippedeven"><td rowspan="3">com.iotTesting.testCases.TC_DD_EnterValue_001</td><td><a href="#m10">dashboardDDT</a></td><td rowspan="3">1591697239780</td><td rowspan="3">1</td></tr><tr class="skippedeven"><td><a href="#m11">dashboardDDT</a></td></tr><tr class="skippedeven"><td><a href="#m12">dashboardDDT</a></td></tr></tbody></table><h2>AUT-Chrome Test</h2><h3 id="m0">com.iotTesting.testCases.TC_DD_EnterValue_001#setup</h3><table class="result"><tr class="param"><th>Parameter #1</th></tr><tr class="param stripe"><td>chrome</td></tr><tr><th>Exception</th></tr><tr><td><div class="stacktrace">org.openqa.selenium.SessionNotCreatedException: session not created: This version of ChromeDriver only supports Chrome version 80
Build info: version: &apos;3.141.59&apos;, revision: &apos;e82be7d358&apos;, time: &apos;2018-11-14T08:17:03&apos;
System info: host: &apos;DESKTOP-OLJU00U&apos;, ip: &apos;192.168.178.25&apos;, os.name: &apos;Windows 10&apos;, os.arch: &apos;amd64&apos;, os.version: &apos;10.0&apos;, java.version: &apos;1.8.0_241&apos;
Driver info: driver.version: ChromeDriver
remote stacktrace: Backtrace:
	Ordinal0 [0x00240C83+1707139]
	Ordinal0 [0x001A68F1+1075441]
	Ordinal0 [0x0011DFC9+516041]
	Ordinal0 [0x000B0554+66900]
	Ordinal0 [0x000ACCE2+52450]
	Ordinal0 [0x000CBFD7+180183]
	Ordinal0 [0x000CBDDD+179677]
	Ordinal0 [0x000C9D4B+171339]
	Ordinal0 [0x000B1D4A+73034]
	Ordinal0 [0x000B2DC0+77248]
	Ordinal0 [0x000B2D59+77145]
	Ordinal0 [0x001BBB67+1162087]
	GetHandleVerifier [0x002DA966+508998]
	GetHandleVerifier [0x002DA6A4+508292]
	GetHandleVerifier [0x002EF7B7+594583]
	GetHandleVerifier [0x002DB1D6+511158]
	Ordinal0 [0x001B402C+1130540]
	Ordinal0 [0x001BD4CB+1168587]
	Ordinal0 [0x001BD633+1168947]
	Ordinal0 [0x001D5B35+1268533]
	BaseThreadInitThunk [0x76BE6359+25]
	RtlGetAppContainerNamedObjectPath [0x77347C24+228]
	RtlGetAppContainerNamedObjectPath [0x77347BF4+180]
	(No symbol) [0x00000000]

	at org.openqa.selenium.remote.W3CHandshakeResponse.lambda$errorHandler$0(W3CHandshakeResponse.java:62)
	at org.openqa.selenium.remote.HandshakeResponse.lambda$getResponseFunction$0(HandshakeResponse.java:30)
	at org.openqa.selenium.remote.ProtocolHandshake.lambda$createSession$0(ProtocolHandshake.java:126)
	at java.util.stream.ReferencePipeline$3$1.accept(Unknown Source)
	at java.util.Spliterators$ArraySpliterator.tryAdvance(Unknown Source)
	at java.util.stream.ReferencePipeline.forEachWithCancel(Unknown Source)
	at java.util.stream.AbstractPipeline.copyIntoWithCancel(Unknown Source)
	at java.util.stream.AbstractPipeline.copyInto(Unknown Source)
	at java.util.stream.AbstractPipeline.wrapAndCopyInto(Unknown Source)
	at java.util.stream.FindOps$FindOp.evaluateSequential(Unknown Source)
	at java.util.stream.AbstractPipeline.evaluate(Unknown Source)
	at java.util.stream.ReferencePipeline.findFirst(Unknown Source)
	at org.openqa.selenium.remote.ProtocolHandshake.createSession(ProtocolHandshake.java:128)
	at org.openqa.selenium.remote.ProtocolHandshake.createSession(ProtocolHandshake.java:74)
	at org.openqa.selenium.remote.HttpCommandExecutor.execute(HttpCommandExecutor.java:136)
	at org.openqa.selenium.remote.service.DriverCommandExecutor.execute(DriverCommandExecutor.java:83)
	at org.openqa.selenium.remote.RemoteWebDriver.execute(RemoteWebDriver.java:552)
	at org.openqa.selenium.remote.RemoteWebDriver.startSession(RemoteWebDriver.java:213)
	at org.openqa.selenium.remote.RemoteWebDriver.&lt;init&gt;(RemoteWebDriver.java:131)
	at org.openqa.selenium.chrome.ChromeDriver.&lt;init&gt;(ChromeDriver.java:181)
	at org.openqa.selenium.chrome.ChromeDriver.&lt;init&gt;(ChromeDriver.java:168)
	at org.openqa.selenium.chrome.ChromeDriver.&lt;init&gt;(ChromeDriver.java:123)
	at com.iotTesting.testCases.BaseClass.setup(BaseClass.java:42)
... Removed 28 stack frames</div></td></tr></table><p class="totop"><a href="#summary">back to summary</a></p><h3 id="m1">com.iotTesting.testCases.TC_DD_EnterValue_001#tearDown</h3><table class="result"></table><p class="totop"><a href="#summary">back to summary</a></p><h3 id="m2">com.iotTesting.testCases.TC_DD_EnterValue_001#dashboardDDT</h3><table class="result"><tr class="param"><th>Parameter #1</th></tr><tr class="param stripe"><td>94</td></tr></table><p class="totop"><a href="#summary">back to summary</a></p><h3 id="m3">com.iotTesting.testCases.TC_DD_EnterValue_001#dashboardDDT</h3><table class="result"><tr class="param"><th>Parameter #1</th></tr><tr class="param stripe"><td>9</td></tr></table><p class="totop"><a href="#summary">back to summary</a></p><h3 id="m4">com.iotTesting.testCases.TC_DD_EnterValue_001#dashboardDDT</h3><table class="result"><tr class="param"><th>Parameter #1</th></tr><tr class="param stripe"><td>20</td></tr></table><p class="totop"><a href="#summary">back to summary</a></p><h2>AUT-IE Test</h2><h3 id="m5">com.iotTesting.testCases.TC_DD_EnterValue_001#dashboardDDT</h3><table class="result"><tr class="param"><th>Parameter #1</th></tr><tr class="param stripe"><td>20</td></tr><tr><th>Exception</th></tr><tr><td><div class="stacktrace">org.openqa.selenium.NoSuchElementException: Unable to find element with xpath == //div[@id=&apos;nr-dashboard-toolbar&apos;]//button//ng-md-icon (WARNING: The server did not provide any stacktrace information)
Command duration or timeout: 0 milliseconds
For documentation on this error, please visit: https://www.seleniumhq.org/exceptions/no_such_element.html
Build info: version: &apos;3.141.59&apos;, revision: &apos;e82be7d358&apos;, time: &apos;2018-11-14T08:17:03&apos;
System info: host: &apos;DESKTOP-OLJU00U&apos;, ip: &apos;192.168.178.25&apos;, os.name: &apos;Windows 10&apos;, os.arch: &apos;amd64&apos;, os.version: &apos;10.0&apos;, java.version: &apos;1.8.0_241&apos;
Driver info: org.openqa.selenium.ie.InternetExplorerDriver
Capabilities {browserAttachTimeout: 0, browserName: internet explorer, cssSelectorsEnabled: true, elementScrollBehavior: 0, enableElementCacheCleanup: true, enablePersistentHover: true, handlesAlerts: true, ie.browserCommandLineSwitches: , ie.ensureCleanSession: false, ie.forceCreateProcessApi: false, ie.usePerProcessProxy: false, ignoreProtectedModeSettings: false, ignoreZoomSetting: false, initialBrowserUrl: http://localhost:19377/, javascriptEnabled: true, nativeEvents: true, platform: WINDOWS, platformName: WINDOWS, requireWindowFocus: false, takesScreenshot: true, unexpectedAlertBehaviour: dismiss, unhandledPromptBehavior: dismiss, version: 11}
Session ID: f0e7f287-f230-49e3-acdd-2b69db6f0962
*** Element info: {Using=xpath, value=//div[@id=&apos;nr-dashboard-toolbar&apos;]//button//ng-md-icon}
	at org.openqa.selenium.remote.ErrorHandler.createThrowable(ErrorHandler.java:214)
	at org.openqa.selenium.remote.ErrorHandler.throwIfResponseFailed(ErrorHandler.java:166)
	at org.openqa.selenium.remote.http.JsonHttpResponseCodec.reconstructValue(JsonHttpResponseCodec.java:40)
	at org.openqa.selenium.remote.http.AbstractHttpResponseCodec.decode(AbstractHttpResponseCodec.java:80)
	at org.openqa.selenium.remote.http.AbstractHttpResponseCodec.decode(AbstractHttpResponseCodec.java:44)
	at org.openqa.selenium.remote.HttpCommandExecutor.execute(HttpCommandExecutor.java:158)
	at org.openqa.selenium.remote.service.DriverCommandExecutor.execute(DriverCommandExecutor.java:83)
	at org.openqa.selenium.remote.RemoteWebDriver.execute(RemoteWebDriver.java:552)
	at org.openqa.selenium.remote.RemoteWebDriver.findElement(RemoteWebDriver.java:323)
	at org.openqa.selenium.remote.RemoteWebDriver.findElementByXPath(RemoteWebDriver.java:428)
	at org.openqa.selenium.By$ByXPath.findElement(By.java:353)
	at org.openqa.selenium.remote.RemoteWebDriver.findElement(RemoteWebDriver.java:315)
	at org.openqa.selenium.support.pagefactory.DefaultElementLocator.findElement(DefaultElementLocator.java:69)
	at org.openqa.selenium.support.pagefactory.internal.LocatingElementHandler.invoke(LocatingElementHandler.java:38)
	at com.sun.proxy.$Proxy11.click(Unknown Source)
	at com.iotTesting.pageObjects.HomePage.clickMenu(HomePage.java:46)
	at com.iotTesting.testCases.TC_DD_EnterValue_001.dashboardDDT(TC_DD_EnterValue_001.java:26)
... Removed 28 stack frames</div></td></tr></table><p class="totop"><a href="#summary">back to summary</a></p><h3 id="m6">com.iotTesting.testCases.TC_DD_EnterValue_001#dashboardDDT</h3><table class="result"><tr class="param"><th>Parameter #1</th></tr><tr class="param stripe"><td>9</td></tr><tr><th>Exception</th></tr><tr><td><div class="stacktrace">org.openqa.selenium.NoSuchElementException: Unable to find element with xpath == //div[@id=&apos;nr-dashboard-toolbar&apos;]//button//ng-md-icon (WARNING: The server did not provide any stacktrace information)
Command duration or timeout: 0 milliseconds
For documentation on this error, please visit: https://www.seleniumhq.org/exceptions/no_such_element.html
Build info: version: &apos;3.141.59&apos;, revision: &apos;e82be7d358&apos;, time: &apos;2018-11-14T08:17:03&apos;
System info: host: &apos;DESKTOP-OLJU00U&apos;, ip: &apos;192.168.178.25&apos;, os.name: &apos;Windows 10&apos;, os.arch: &apos;amd64&apos;, os.version: &apos;10.0&apos;, java.version: &apos;1.8.0_241&apos;
Driver info: org.openqa.selenium.ie.InternetExplorerDriver
Capabilities {browserAttachTimeout: 0, browserName: internet explorer, cssSelectorsEnabled: true, elementScrollBehavior: 0, enableElementCacheCleanup: true, enablePersistentHover: true, handlesAlerts: true, ie.browserCommandLineSwitches: , ie.ensureCleanSession: false, ie.forceCreateProcessApi: false, ie.usePerProcessProxy: false, ignoreProtectedModeSettings: false, ignoreZoomSetting: false, initialBrowserUrl: http://localhost:19377/, javascriptEnabled: true, nativeEvents: true, platform: WINDOWS, platformName: WINDOWS, requireWindowFocus: false, takesScreenshot: true, unexpectedAlertBehaviour: dismiss, unhandledPromptBehavior: dismiss, version: 11}
Session ID: f0e7f287-f230-49e3-acdd-2b69db6f0962
*** Element info: {Using=xpath, value=//div[@id=&apos;nr-dashboard-toolbar&apos;]//button//ng-md-icon}
	at org.openqa.selenium.remote.ErrorHandler.createThrowable(ErrorHandler.java:214)
	at org.openqa.selenium.remote.ErrorHandler.throwIfResponseFailed(ErrorHandler.java:166)
	at org.openqa.selenium.remote.http.JsonHttpResponseCodec.reconstructValue(JsonHttpResponseCodec.java:40)
	at org.openqa.selenium.remote.http.AbstractHttpResponseCodec.decode(AbstractHttpResponseCodec.java:80)
	at org.openqa.selenium.remote.http.AbstractHttpResponseCodec.decode(AbstractHttpResponseCodec.java:44)
	at org.openqa.selenium.remote.HttpCommandExecutor.execute(HttpCommandExecutor.java:158)
	at org.openqa.selenium.remote.service.DriverCommandExecutor.execute(DriverCommandExecutor.java:83)
	at org.openqa.selenium.remote.RemoteWebDriver.execute(RemoteWebDriver.java:552)
	at org.openqa.selenium.remote.RemoteWebDriver.findElement(RemoteWebDriver.java:323)
	at org.openqa.selenium.remote.RemoteWebDriver.findElementByXPath(RemoteWebDriver.java:428)
	at org.openqa.selenium.By$ByXPath.findElement(By.java:353)
	at org.openqa.selenium.remote.RemoteWebDriver.findElement(RemoteWebDriver.java:315)
	at org.openqa.selenium.support.pagefactory.DefaultElementLocator.findElement(DefaultElementLocator.java:69)
	at org.openqa.selenium.support.pagefactory.internal.LocatingElementHandler.invoke(LocatingElementHandler.java:38)
	at com.sun.proxy.$Proxy11.click(Unknown Source)
	at com.iotTesting.pageObjects.HomePage.clickMenu(HomePage.java:46)
	at com.iotTesting.testCases.TC_DD_EnterValue_001.dashboardDDT(TC_DD_EnterValue_001.java:26)
... Removed 28 stack frames</div></td></tr></table><p class="totop"><a href="#summary">back to summary</a></p><h3 id="m7">com.iotTesting.testCases.TC_DD_EnterValue_001#dashboardDDT</h3><table class="result"><tr class="param"><th>Parameter #1</th></tr><tr class="param stripe"><td>94</td></tr><tr><th>Exception</th></tr><tr><td><div class="stacktrace">org.openqa.selenium.NoSuchElementException: Unable to find element with xpath == //div[@id=&apos;nr-dashboard-toolbar&apos;]//button//ng-md-icon (WARNING: The server did not provide any stacktrace information)
Command duration or timeout: 0 milliseconds
For documentation on this error, please visit: https://www.seleniumhq.org/exceptions/no_such_element.html
Build info: version: &apos;3.141.59&apos;, revision: &apos;e82be7d358&apos;, time: &apos;2018-11-14T08:17:03&apos;
System info: host: &apos;DESKTOP-OLJU00U&apos;, ip: &apos;192.168.178.25&apos;, os.name: &apos;Windows 10&apos;, os.arch: &apos;amd64&apos;, os.version: &apos;10.0&apos;, java.version: &apos;1.8.0_241&apos;
Driver info: org.openqa.selenium.ie.InternetExplorerDriver
Capabilities {browserAttachTimeout: 0, browserName: internet explorer, cssSelectorsEnabled: true, elementScrollBehavior: 0, enableElementCacheCleanup: true, enablePersistentHover: true, handlesAlerts: true, ie.browserCommandLineSwitches: , ie.ensureCleanSession: false, ie.forceCreateProcessApi: false, ie.usePerProcessProxy: false, ignoreProtectedModeSettings: false, ignoreZoomSetting: false, initialBrowserUrl: http://localhost:19377/, javascriptEnabled: true, nativeEvents: true, platform: WINDOWS, platformName: WINDOWS, requireWindowFocus: false, takesScreenshot: true, unexpectedAlertBehaviour: dismiss, unhandledPromptBehavior: dismiss, version: 11}
Session ID: f0e7f287-f230-49e3-acdd-2b69db6f0962
*** Element info: {Using=xpath, value=//div[@id=&apos;nr-dashboard-toolbar&apos;]//button//ng-md-icon}
	at org.openqa.selenium.remote.ErrorHandler.createThrowable(ErrorHandler.java:214)
	at org.openqa.selenium.remote.ErrorHandler.throwIfResponseFailed(ErrorHandler.java:166)
	at org.openqa.selenium.remote.http.JsonHttpResponseCodec.reconstructValue(JsonHttpResponseCodec.java:40)
	at org.openqa.selenium.remote.http.AbstractHttpResponseCodec.decode(AbstractHttpResponseCodec.java:80)
	at org.openqa.selenium.remote.http.AbstractHttpResponseCodec.decode(AbstractHttpResponseCodec.java:44)
	at org.openqa.selenium.remote.HttpCommandExecutor.execute(HttpCommandExecutor.java:158)
	at org.openqa.selenium.remote.service.DriverCommandExecutor.execute(DriverCommandExecutor.java:83)
	at org.openqa.selenium.remote.RemoteWebDriver.execute(RemoteWebDriver.java:552)
	at org.openqa.selenium.remote.RemoteWebDriver.findElement(RemoteWebDriver.java:323)
	at org.openqa.selenium.remote.RemoteWebDriver.findElementByXPath(RemoteWebDriver.java:428)
	at org.openqa.selenium.By$ByXPath.findElement(By.java:353)
	at org.openqa.selenium.remote.RemoteWebDriver.findElement(RemoteWebDriver.java:315)
	at org.openqa.selenium.support.pagefactory.DefaultElementLocator.findElement(DefaultElementLocator.java:69)
	at org.openqa.selenium.support.pagefactory.internal.LocatingElementHandler.invoke(LocatingElementHandler.java:38)
	at com.sun.proxy.$Proxy11.click(Unknown Source)
	at com.iotTesting.pageObjects.HomePage.clickMenu(HomePage.java:46)
	at com.iotTesting.testCases.TC_DD_EnterValue_001.dashboardDDT(TC_DD_EnterValue_001.java:26)
... Removed 28 stack frames</div></td></tr></table><p class="totop"><a href="#summary">back to summary</a></p><h2>AUT-Firefox Test</h2><h3 id="m8">com.iotTesting.testCases.TC_DD_EnterValue_001#setup</h3><table class="result"><tr class="param"><th>Parameter #1</th></tr><tr class="param stripe"><td>firefox</td></tr><tr><th>Exception</th></tr><tr><td><div class="stacktrace">org.openqa.selenium.TimeoutException: connection refused
Build info: version: &apos;3.141.59&apos;, revision: &apos;e82be7d358&apos;, time: &apos;2018-11-14T08:17:03&apos;
System info: host: &apos;DESKTOP-OLJU00U&apos;, ip: &apos;192.168.178.25&apos;, os.name: &apos;Windows 10&apos;, os.arch: &apos;amd64&apos;, os.version: &apos;10.0&apos;, java.version: &apos;1.8.0_241&apos;
Driver info: driver.version: FirefoxDriver
remote stacktrace: 
	at org.openqa.selenium.remote.W3CHandshakeResponse.lambda$errorHandler$0(W3CHandshakeResponse.java:62)
	at org.openqa.selenium.remote.HandshakeResponse.lambda$getResponseFunction$0(HandshakeResponse.java:30)
	at org.openqa.selenium.remote.ProtocolHandshake.lambda$createSession$0(ProtocolHandshake.java:126)
	at java.util.stream.ReferencePipeline$3$1.accept(Unknown Source)
	at java.util.Spliterators$ArraySpliterator.tryAdvance(Unknown Source)
	at java.util.stream.ReferencePipeline.forEachWithCancel(Unknown Source)
	at java.util.stream.AbstractPipeline.copyIntoWithCancel(Unknown Source)
	at java.util.stream.AbstractPipeline.copyInto(Unknown Source)
	at java.util.stream.AbstractPipeline.wrapAndCopyInto(Unknown Source)
	at java.util.stream.FindOps$FindOp.evaluateSequential(Unknown Source)
	at java.util.stream.AbstractPipeline.evaluate(Unknown Source)
	at java.util.stream.ReferencePipeline.findFirst(Unknown Source)
	at org.openqa.selenium.remote.ProtocolHandshake.createSession(ProtocolHandshake.java:128)
	at org.openqa.selenium.remote.ProtocolHandshake.createSession(ProtocolHandshake.java:74)
	at org.openqa.selenium.remote.HttpCommandExecutor.execute(HttpCommandExecutor.java:136)
	at org.openqa.selenium.remote.service.DriverCommandExecutor.execute(DriverCommandExecutor.java:83)
	at org.openqa.selenium.remote.RemoteWebDriver.execute(RemoteWebDriver.java:552)
	at org.openqa.selenium.remote.RemoteWebDriver.startSession(RemoteWebDriver.java:213)
	at org.openqa.selenium.remote.RemoteWebDriver.&lt;init&gt;(RemoteWebDriver.java:131)
	at org.openqa.selenium.firefox.FirefoxDriver.&lt;init&gt;(FirefoxDriver.java:147)
	at org.openqa.selenium.firefox.FirefoxDriver.&lt;init&gt;(FirefoxDriver.java:125)
	at com.iotTesting.testCases.BaseClass.setup(BaseClass.java:47)
... Removed 28 stack frames</div></td></tr></table><p class="totop"><a href="#summary">back to summary</a></p><h3 id="m9">com.iotTesting.testCases.TC_DD_EnterValue_001#tearDown</h3><table class="result"></table><p class="totop"><a href="#summary">back to summary</a></p><h3 id="m10">com.iotTesting.testCases.TC_DD_EnterValue_001#dashboardDDT</h3><table class="result"><tr class="param"><th>Parameter #1</th></tr><tr class="param stripe"><td>20</td></tr></table><p class="totop"><a href="#summary">back to summary</a></p><h3 id="m11">com.iotTesting.testCases.TC_DD_EnterValue_001#dashboardDDT</h3><table class="result"><tr class="param"><th>Parameter #1</th></tr><tr class="param stripe"><td>94</td></tr></table><p class="totop"><a href="#summary">back to summary</a></p><h3 id="m12">com.iotTesting.testCases.TC_DD_EnterValue_001#dashboardDDT</h3><table class="result"><tr class="param"><th>Parameter #1</th></tr><tr class="param stripe"><td>9</td></tr></table><p class="totop"><a href="#summary">back to summary</a></p></body></html>