<?xml version="1.0" encoding="UTF-8"?>
<!-- Generated by org.testng.reporters.JUnitXMLReporter -->
<testsuite hostname="DESKTOP-OLJU00U" name="AUT-Chrome Test" tests="3" failures="0" timestamp="9 Jun 2020 10:04:48 GMT" time="16.493" errors="0">
  <testcase name="@BeforeClass setup" time="0.0" classname="com.iotTesting.testCases.TC_DD_EnterValue_001">
    <failure type="org.openqa.selenium.SessionNotCreatedException" message="session not created: This version of ChromeDriver only supports Chrome version 80
Build info: version: &amp;apos;3.141.59&amp;apos;, revision: &amp;apos;e82be7d358&amp;apos;, time: &amp;apos;2018-11-14T08:17:03&amp;apos;
System info: host: &amp;apos;DESKTOP-OLJU00U&amp;apos;, ip: &amp;apos;192.168.178.25&amp;apos;, os.name: &amp;apos;Windows 10&amp;apos;, os.arch: &amp;apos;amd64&amp;apos;, os.version: &amp;apos;10.0&amp;apos;, java.version: &amp;apos;1.8.0_241&amp;apos;
Driver info: driver.version: ChromeDriver
remote stacktrace: Backtrace:
	Ordinal0 [0x00240C83+1707139]
	Ordinal0 [0x001A68F1+1075441]
	Ordinal0 [0x0011DFC9+516041]
	Ordinal0 [0x000B0554+66900]
	Ordinal0 [0x000ACCE2+52450]
	Ordinal0 [0x000CBFD7+180183]
	Ordinal0 [0x000CBDDD+179677]
	Ordinal0 [0x000C9D4B+171339]
	Ordinal0 [0x000B1D4A+73034]
	Ordinal0 [0x000B2DC0+77248]
	Ordinal0 [0x000B2D59+77145]
	Ordinal0 [0x001BBB67+1162087]
	GetHandleVerifier [0x002DA966+508998]
	GetHandleVerifier [0x002DA6A4+508292]
	GetHandleVerifier [0x002EF7B7+594583]
	GetHandleVerifier [0x002DB1D6+511158]
	Ordinal0 [0x001B402C+1130540]
	Ordinal0 [0x001BD4CB+1168587]
	Ordinal0 [0x001BD633+1168947]
	Ordinal0 [0x001D5B35+1268533]
	BaseThreadInitThunk [0x76BE6359+25]
	RtlGetAppContainerNamedObjectPath [0x77347C24+228]
	RtlGetAppContainerNamedObjectPath [0x77347BF4+180]
	(No symbol) [0x00000000]
">
      <![CDATA[org.openqa.selenium.SessionNotCreatedException: session not created: This version of ChromeDriver only supports Chrome version 80
Build info: version: '3.141.59', revision: 'e82be7d358', time: '2018-11-14T08:17:03'
System info: host: 'DESKTOP-OLJU00U', ip: '192.168.178.25', os.name: 'Windows 10', os.arch: 'amd64', os.version: '10.0', java.version: '1.8.0_241'
Driver info: driver.version: ChromeDriver
remote stacktrace: Backtrace:
	Ordinal0 [0x00240C83+1707139]
	Ordinal0 [0x001A68F1+1075441]
	Ordinal0 [0x0011DFC9+516041]
	Ordinal0 [0x000B0554+66900]
	Ordinal0 [0x000ACCE2+52450]
	Ordinal0 [0x000CBFD7+180183]
	Ordinal0 [0x000CBDDD+179677]
	Ordinal0 [0x000C9D4B+171339]
	Ordinal0 [0x000B1D4A+73034]
	Ordinal0 [0x000B2DC0+77248]
	Ordinal0 [0x000B2D59+77145]
	Ordinal0 [0x001BBB67+1162087]
	GetHandleVerifier [0x002DA966+508998]
	GetHandleVerifier [0x002DA6A4+508292]
	GetHandleVerifier [0x002EF7B7+594583]
	GetHandleVerifier [0x002DB1D6+511158]
	Ordinal0 [0x001B402C+1130540]
	Ordinal0 [0x001BD4CB+1168587]
	Ordinal0 [0x001BD633+1168947]
	Ordinal0 [0x001D5B35+1268533]
	BaseThreadInitThunk [0x76BE6359+25]
	RtlGetAppContainerNamedObjectPath [0x77347C24+228]
	RtlGetAppContainerNamedObjectPath [0x77347BF4+180]
	(No symbol) [0x00000000]

	at org.openqa.selenium.remote.W3CHandshakeResponse.lambda$errorHandler$0(W3CHandshakeResponse.java:62)
	at org.openqa.selenium.remote.HandshakeResponse.lambda$getResponseFunction$0(HandshakeResponse.java:30)
	at org.openqa.selenium.remote.ProtocolHandshake.lambda$createSession$0(ProtocolHandshake.java:126)
	at java.util.stream.ReferencePipeline$3$1.accept(Unknown Source)
	at java.util.Spliterators$ArraySpliterator.tryAdvance(Unknown Source)
	at java.util.stream.ReferencePipeline.forEachWithCancel(Unknown Source)
	at java.util.stream.AbstractPipeline.copyIntoWithCancel(Unknown Source)
	at java.util.stream.AbstractPipeline.copyInto(Unknown Source)
	at java.util.stream.AbstractPipeline.wrapAndCopyInto(Unknown Source)
	at java.util.stream.FindOps$FindOp.evaluateSequential(Unknown Source)
	at java.util.stream.AbstractPipeline.evaluate(Unknown Source)
	at java.util.stream.ReferencePipeline.findFirst(Unknown Source)
	at org.openqa.selenium.remote.ProtocolHandshake.createSession(ProtocolHandshake.java:128)
	at org.openqa.selenium.remote.ProtocolHandshake.createSession(ProtocolHandshake.java:74)
	at org.openqa.selenium.remote.HttpCommandExecutor.execute(HttpCommandExecutor.java:136)
	at org.openqa.selenium.remote.service.DriverCommandExecutor.execute(DriverCommandExecutor.java:83)
	at org.openqa.selenium.remote.RemoteWebDriver.execute(RemoteWebDriver.java:552)
	at org.openqa.selenium.remote.RemoteWebDriver.startSession(RemoteWebDriver.java:213)
	at org.openqa.selenium.remote.RemoteWebDriver.<init>(RemoteWebDriver.java:131)
	at org.openqa.selenium.chrome.ChromeDriver.<init>(ChromeDriver.java:181)
	at org.openqa.selenium.chrome.ChromeDriver.<init>(ChromeDriver.java:168)
	at org.openqa.selenium.chrome.ChromeDriver.<init>(ChromeDriver.java:123)
	at com.iotTesting.testCases.BaseClass.setup(BaseClass.java:42)
... Removed 28 stack frames]]>
    </failure>
  </testcase> <!-- @BeforeClass setup -->
  <testcase name="@AfterClass tearDown" time="0.0" classname="com.iotTesting.testCases.TC_DD_EnterValue_001">
    <skipped/>
  </testcase> <!-- @AfterClass tearDown -->
  <testcase name="dashboardDDT" time="0.002" classname="com.iotTesting.testCases.TC_DD_EnterValue_001">
    <skipped/>
  </testcase> <!-- dashboardDDT -->
  <testcase name="dashboardDDT" time="0.001" classname="com.iotTesting.testCases.TC_DD_EnterValue_001">
    <skipped/>
  </testcase> <!-- dashboardDDT -->
  <testcase name="dashboardDDT" time="0.001" classname="com.iotTesting.testCases.TC_DD_EnterValue_001">
    <skipped/>
  </testcase> <!-- dashboardDDT -->
</testsuite> <!-- AUT-Chrome Test -->
